INFO:  latexindent version 3.24.4, 2024-07-18, a script to indent .tex files
       latexindent lives here: /usr/share/texlive/texmf-dist/scripts/latexindent/
       Tue Mar 10 18:18:09 2026
       Filename: /home/duke/src/vbjax/vbjax-mhsa-brief.tex
INFO:  Processing switches:
       -s|--silent: Silent mode active (you have used either -s or --silent)
       -w|--overwrite: Overwrite mode active, will make a back up before overwriting
INFO:  Directory for backup files and log file indent.log:
       /home/duke/src/vbjax
INFO:  YAML settings read: defaultSettings.yaml
       Reading defaultSettings.yaml from /usr/share/texlive/texmf-dist/scripts/latexindent/defaultSettings.yaml
INFO:  YAML reading settings
       Home directory is /home/duke
       latexindent.pl didn't find indentconfig.yaml or .indentconfig.yaml
       see all possible locations: https://latexindentpl.readthedocs.io/en/latest/sec-appendices.html#indentconfig-options)
INFO:  Backup procedure (-w flag active):
       /home/duke/src/vbjax/vbjax-mhsa-brief.bak0 already exists, incrementing by 1 (see maxNumberOfBackUps)
       /home/duke/src/vbjax/vbjax-mhsa-brief.bak1 already exists, incrementing by 1 (see maxNumberOfBackUps)
       /home/duke/src/vbjax/vbjax-mhsa-brief.bak2 already exists, incrementing by 1 (see maxNumberOfBackUps)
       /home/duke/src/vbjax/vbjax-mhsa-brief.bak3 already exists, incrementing by 1 (see maxNumberOfBackUps)
       /home/duke/src/vbjax/vbjax-mhsa-brief.bak4 already exists, incrementing by 1 (see maxNumberOfBackUps)
       /home/duke/src/vbjax/vbjax-mhsa-brief.bak5 already exists, incrementing by 1 (see maxNumberOfBackUps)
       Backing up /home/duke/src/vbjax/vbjax-mhsa-brief.tex to /home/duke/src/vbjax/vbjax-mhsa-brief.bak6...
       /home/duke/src/vbjax/vbjax-mhsa-brief.tex will be overwritten after indentation
INFO:  Phase 1: searching for objects
INFO:  Phase 2: finding surrounding indentation
INFO:  Phase 3: indenting objects
INFO:  Phase 4: final indentation check
INFO:  Output routine:
       Overwriting file /home/duke/src/vbjax/vbjax-mhsa-brief.tex
       --------------
INFO:  Please direct all communication/issues to:
        https://github.com/cmhughes/latexindent.pl
